{'link': 'http://jandan.net/2017/09/01/melasma.html', 'title': '容易被忽略的皮肤病：黄褐斑'}
{'link': 'http://jandan.net/2017/09/01/marriage-vs-heart.html',
 'title': '对某些人来说，结婚有更多健康上的好处'}
{'link': 'http://jandan.net/2017/09/01/elephant-graveyards.html',
 'title': '真的有大象墓地吗'}
{'link': 'http://jandan.net/2017/09/01/dunkirk-evacuation-2.html',
 'title': '煎蛋小学堂：1940年敦刻尔克大撤退'}
{'link': 'http://jandan.net/2017/09/01/upset-a-narcissist.html',
 'title': '自恋者其实不喜欢看自己的照片'}
{'link': 'http://jandan.net/2017/09/01/sleeping-naked-2.html', 'title': '裸睡的好处'}
{'link': 'http://jandan.net/2017/09/01/selfie-to-detect.html',
 'title': '照张自拍查癌症'}
{'link': 'http://jandan.net/2017/09/01/hilarious-historical.html',
 'title': 'Reddit：那些搞笑的历史事件'}
{'link': 'http://jandan.net/2017/09/01/vehicles-microscale.html',
 'title': '新技术让纳米机器人也能“自动驾驶”'}
{'link': 'http://jandan.net/2017/09/01/fml-1100.html',
 'title': '发霉啦：今天，我意识到我已经单身太久了'}
{'link': 'http://jandan.net/2017/08/31/lovly-roomie.html',
 'title': '半夜背后凉飕飕：我的室友不可能那么可爱 [1]'}
{'link': 'http://jandan.net/2017/08/31/pizza-delivery-2.html',
 'title': '以科研的名义送外卖'}
{'link': 'http://jandan.net/2017/08/31/guinea-worm.html', 'title': '几内亚线虫病抗击史'}
{'link': 'http://jandan.net/2017/08/31/you-good-at.html', 'title': 'Quora：无用技能'}
{'link': 'http://jandan.net/2017/08/31/skin-bleaching.html',
 'title': '为何非洲国家禁止皮肤漂白产品'}
{'link': 'http://jandan.net/2017/08/31/classic-barbie.html',
 'title': '上世纪50年代的芭比娃娃值多少钱？'}
{'link': 'http://jandan.net/2017/08/31/getting-last-laugh.html',
 'title': 'Quora：笑到最后'}
{'link': 'http://jandan.net/2017/08/31/nothing-to-say.html',
 'title': '当你无话可说时如何找话说'}
{'link': 'http://jandan.net/2017/08/31/climate-change-6.html',
 'title': '是时候重新定义四季了吗？'}
{'link': 'http://jandan.net/2017/08/31/immune-to-heroin.html',
 'title': '戒毒不再难：能让大脑对海洛因及阿片类毒品免疫的疫苗'}
{'link': 'http://jandan.net/2017/08/31/be-addictive.html', 'title': '身体穿刺会成瘾吗？'}
{'link': 'http://jandan.net/2017/08/31/fml-1099.html',
 'title': '发霉啦：今天，我最好的朋友怀孕了'}
{'link': 'http://jandan.net/2017/08/31/supernatural-radio.html',
 'title': '半夜背后凉飕飕：来自天国的广播'}
{'link': 'http://jandan.net/2017/08/30/dont-tell.html',
 'title': 'Reddit：说出来你也不信的经历'}
{'link': 'http://jandan.net/2017/09/01/melasma.html', 'title': '容易被忽略的皮肤病：黄褐斑'}
{'link': 'http://jandan.net/2017/09/01/marriage-vs-heart.html',
 'title': '对某些人来说，结婚有更多健康上的好处'}
{'link': 'http://jandan.net/2017/09/01/elephant-graveyards.html',
 'title': '真的有大象墓地吗'}
{'link': 'http://jandan.net/2017/09/01/dunkirk-evacuation-2.html',
 'title': '煎蛋小学堂：1940年敦刻尔克大撤退'}
{'link': 'http://jandan.net/2017/09/01/upset-a-narcissist.html',
 'title': '自恋者其实不喜欢看自己的照片'}
{'link': 'http://jandan.net/2017/09/01/sleeping-naked-2.html', 'title': '裸睡的好处'}
{'link': 'http://jandan.net/2017/09/01/selfie-to-detect.html',
 'title': '照张自拍查癌症'}
{'link': 'http://jandan.net/2017/09/01/hilarious-historical.html',
 'title': 'Reddit：那些搞笑的历史事件'}
{'link': 'http://jandan.net/2017/09/01/vehicles-microscale.html',
 'title': '新技术让纳米机器人也能“自动驾驶”'}
{'link': 'http://jandan.net/2017/09/01/fml-1100.html',
 'title': '发霉啦：今天，我意识到我已经单身太久了'}
{'link': 'http://jandan.net/2017/08/31/lovly-roomie.html',
 'title': '半夜背后凉飕飕：我的室友不可能那么可爱 [1]'}
{'link': 'http://jandan.net/2017/08/31/pizza-delivery-2.html',
 'title': '以科研的名义送外卖'}
{'link': 'http://jandan.net/2017/08/31/guinea-worm.html', 'title': '几内亚线虫病抗击史'}
{'link': 'http://jandan.net/2017/08/31/you-good-at.html', 'title': 'Quora：无用技能'}
{'link': 'http://jandan.net/2017/08/31/skin-bleaching.html',
 'title': '为何非洲国家禁止皮肤漂白产品'}
{'link': 'http://jandan.net/2017/08/31/classic-barbie.html',
 'title': '上世纪50年代的芭比娃娃值多少钱？'}
{'link': 'http://jandan.net/2017/08/31/getting-last-laugh.html',
 'title': 'Quora：笑到最后'}
{'link': 'http://jandan.net/2017/08/31/nothing-to-say.html',
 'title': '当你无话可说时如何找话说'}
{'link': 'http://jandan.net/2017/08/31/climate-change-6.html',
 'title': '是时候重新定义四季了吗？'}
{'link': 'http://jandan.net/2017/08/31/immune-to-heroin.html',
 'title': '戒毒不再难：能让大脑对海洛因及阿片类毒品免疫的疫苗'}
{'link': 'http://jandan.net/2017/08/31/be-addictive.html', 'title': '身体穿刺会成瘾吗？'}
{'link': 'http://jandan.net/2017/08/31/fml-1099.html',
 'title': '发霉啦：今天，我最好的朋友怀孕了'}
{'link': 'http://jandan.net/2017/08/31/supernatural-radio.html',
 'title': '半夜背后凉飕飕：来自天国的广播'}
{'link': 'http://jandan.net/2017/08/30/dont-tell.html',
 'title': 'Reddit：说出来你也不信的经历'}
{'link': 'http://jandan.net/2017/09/03/best-compliment-received.html',
 'title': 'Quora：最棒的赞美'}
{'link': 'http://jandan.net/2017/09/03/brain-young.html',
 'title': '多跳广场舞，大妈更不容易痴呆'}
{'link': 'http://jandan.net/2017/09/03/ultraviolet-important.html',
 'title': '寻找外星生命：紫外线可能很关键'}
{'link': 'http://jandan.net/2017/09/03/elephant-rescued.html',
 'title': '趣闻两则：海军大兵激流之中救大象，内裤烟鬼法院门前讨烟枪'}
{'link': 'http://jandan.net/2017/09/03/bermuda-triangle-2.html',
 'title': '百慕大三角之迷的新解释'}
{'link': 'http://jandan.net/2017/09/03/bacteria-medicine.html',
 'title': '新思路：把肠道细菌做成特效药'}
{'link': 'http://jandan.net/2017/09/03/ladder-fight.html',
 'title': '没品小视频：梯子 Part 3'}
{'link': 'http://jandan.net/2017/09/03/butthole-facts.html',
 'title': '关于屁股的12件事'}
{'link': 'http://jandan.net/2017/09/03/source-brain.html',
 'title': '新发现：神经胶质细胞对大脑发育很重要'}
{'link': 'http://jandan.net/2017/09/03/violence-medieval.html',
 'title': '黑暗中世纪：随时可能被暴打的腐国人民'}
{'link': 'http://jandan.net/2017/09/03/fml-1102.html',
 'title': '发霉啦：今天，我在后颈上纹了个条形码'}
{'link': 'http://jandan.net/2017/09/03/teaching-grit.html',
 'title': '培养“毅力”或许有害于学生，亦有害于民主政治'}
{'link': 'http://jandan.net/2017/09/02/lost-key-2.html',
 'title': '半夜背后凉飕飕：我的室友[3]之丢钥匙-2'}
{'link': 'http://jandan.net/2017/09/02/avoiding-sex.html', 'title': '“性冷淡”的原因'}
{'link': 'http://jandan.net/2017/09/02/monsters-mirror.html',
 'title': '凝视镜子，你会看见怪物'}
{'link': 'http://jandan.net/2017/09/02/bigger-ears.html',
 'title': '耳朵大的人听力会更好吗？'}
{'link': 'http://jandan.net/2017/09/02/washington-buchanan.html',
 'title': '趣画古今-04：美国总统：第1-4位'}
{'link': 'http://jandan.net/2017/09/02/laborers-peru.html',
 'title': '秘鲁金字塔惊现华工遗体'}
{'link': 'http://jandan.net/2017/09/02/lower-your-risk.html',
 'title': '受教育程度越高，患心脏病的概率越低'}
{'link': 'http://jandan.net/2017/09/02/roll-your-eyes.html',
 'title': 'Quora：别人说过最想让你翻白眼的话'}
{'link': 'http://jandan.net/2017/09/02/beekeeper-sits-on.html',
 'title': '真的猛士，敢于光屁股坐上蜂箱'}
{'link': 'http://jandan.net/2017/09/02/brain-time.html', 'title': '大脑是如何解读时间的'}
{'link': 'http://jandan.net/2017/09/02/curried-chickpea.html',
 'title': '五种你不会吃的健康午餐'}
{'link': 'http://jandan.net/2017/09/02/useless-invention.html',
 'title': 'Reddit: 那些让人发财的无用发明'}
{'link': 'http://jandan.net/2017/09/03/best-compliment-received.html',
 'title': 'Quora：最棒的赞美'}
{'link': 'http://jandan.net/2017/09/03/brain-young.html',
 'title': '多跳广场舞，大妈更不容易痴呆'}
{'link': 'http://jandan.net/2017/09/03/ultraviolet-important.html',
 'title': '寻找外星生命：紫外线可能很关键'}
{'link': 'http://jandan.net/2017/09/03/elephant-rescued.html',
 'title': '趣闻两则：海军大兵激流之中救大象，内裤烟鬼法院门前讨烟枪'}
{'link': 'http://jandan.net/2017/09/03/bermuda-triangle-2.html',
 'title': '百慕大三角之迷的新解释'}
{'link': 'http://jandan.net/2017/09/03/bacteria-medicine.html',
 'title': '新思路：把肠道细菌做成特效药'}
{'link': 'http://jandan.net/2017/09/03/ladder-fight.html',
 'title': '没品小视频：梯子 Part 3'}
{'link': 'http://jandan.net/2017/09/03/butthole-facts.html',
 'title': '关于屁股的12件事'}
{'link': 'http://jandan.net/2017/09/03/source-brain.html',
 'title': '新发现：神经胶质细胞对大脑发育很重要'}
{'link': 'http://jandan.net/2017/09/03/violence-medieval.html',
 'title': '黑暗中世纪：随时可能被暴打的腐国人民'}
{'link': 'http://jandan.net/2017/09/03/fml-1102.html',
 'title': '发霉啦：今天，我在后颈上纹了个条形码'}
{'link': 'http://jandan.net/2017/09/03/teaching-grit.html',
 'title': '培养“毅力”或许有害于学生，亦有害于民主政治'}
{'link': 'http://jandan.net/2017/09/02/lost-key-2.html',
 'title': '半夜背后凉飕飕：我的室友[3]之丢钥匙-2'}
{'link': 'http://jandan.net/2017/09/02/avoiding-sex.html', 'title': '“性冷淡”的原因'}
{'link': 'http://jandan.net/2017/09/02/monsters-mirror.html',
 'title': '凝视镜子，你会看见怪物'}
{'link': 'http://jandan.net/2017/09/02/bigger-ears.html',
 'title': '耳朵大的人听力会更好吗？'}
{'link': 'http://jandan.net/2017/09/02/washington-buchanan.html',
 'title': '趣画古今-04：美国总统：第1-4位'}
{'link': 'http://jandan.net/2017/09/02/laborers-peru.html',
 'title': '秘鲁金字塔惊现华工遗体'}
{'link': 'http://jandan.net/2017/09/02/lower-your-risk.html',
 'title': '受教育程度越高，患心脏病的概率越低'}
{'link': 'http://jandan.net/2017/09/02/roll-your-eyes.html',
 'title': 'Quora：别人说过最想让你翻白眼的话'}
{'link': 'http://jandan.net/2017/09/02/beekeeper-sits-on.html',
 'title': '真的猛士，敢于光屁股坐上蜂箱'}
{'link': 'http://jandan.net/2017/09/02/brain-time.html', 'title': '大脑是如何解读时间的'}
{'link': 'http://jandan.net/2017/09/02/curried-chickpea.html',
 'title': '五种你不会吃的健康午餐'}
{'link': 'http://jandan.net/2017/09/02/useless-invention.html',
 'title': 'Reddit: 那些让人发财的无用发明'}
{'link': 'http://jandan.net/2017/09/03/best-compliment-received.html',
 'title': 'Quora：最棒的赞美'}
{'link': 'http://jandan.net/2017/09/03/brain-young.html',
 'title': '多跳广场舞，大妈更不容易痴呆'}
{'link': 'http://jandan.net/2017/09/03/ultraviolet-important.html',
 'title': '寻找外星生命：紫外线可能很关键'}
{'link': 'http://jandan.net/2017/09/03/elephant-rescued.html',
 'title': '趣闻两则：海军大兵激流之中救大象，内裤烟鬼法院门前讨烟枪'}
{'link': 'http://jandan.net/2017/09/03/bermuda-triangle-2.html',
 'title': '百慕大三角之迷的新解释'}
{'link': 'http://jandan.net/2017/09/03/bacteria-medicine.html',
 'title': '新思路：把肠道细菌做成特效药'}
{'link': 'http://jandan.net/2017/09/03/ladder-fight.html',
 'title': '没品小视频：梯子 Part 3'}
{'link': 'http://jandan.net/2017/09/03/butthole-facts.html',
 'title': '关于屁股的12件事'}
{'link': 'http://jandan.net/2017/09/03/source-brain.html',
 'title': '新发现：神经胶质细胞对大脑发育很重要'}
{'link': 'http://jandan.net/2017/09/03/violence-medieval.html',
 'title': '黑暗中世纪：随时可能被暴打的腐国人民'}
{'link': 'http://jandan.net/2017/09/03/fml-1102.html',
 'title': '发霉啦：今天，我在后颈上纹了个条形码'}
{'link': 'http://jandan.net/2017/09/03/teaching-grit.html',
 'title': '培养“毅力”或许有害于学生，亦有害于民主政治'}
{'link': 'http://jandan.net/2017/09/02/lost-key-2.html',
 'title': '半夜背后凉飕飕：我的室友[3]之丢钥匙-2'}
{'link': 'http://jandan.net/2017/09/02/avoiding-sex.html', 'title': '“性冷淡”的原因'}
{'link': 'http://jandan.net/2017/09/02/monsters-mirror.html',
 'title': '凝视镜子，你会看见怪物'}
{'link': 'http://jandan.net/2017/09/02/bigger-ears.html',
 'title': '耳朵大的人听力会更好吗？'}
{'link': 'http://jandan.net/2017/09/02/washington-buchanan.html',
 'title': '趣画古今-04：美国总统：第1-4位'}
{'link': 'http://jandan.net/2017/09/02/laborers-peru.html',
 'title': '秘鲁金字塔惊现华工遗体'}
{'link': 'http://jandan.net/2017/09/02/lower-your-risk.html',
 'title': '受教育程度越高，患心脏病的概率越低'}
{'link': 'http://jandan.net/2017/09/02/roll-your-eyes.html',
 'title': 'Quora：别人说过最想让你翻白眼的话'}
{'link': 'http://jandan.net/2017/09/02/beekeeper-sits-on.html',
 'title': '真的猛士，敢于光屁股坐上蜂箱'}
{'link': 'http://jandan.net/2017/09/02/brain-time.html', 'title': '大脑是如何解读时间的'}
{'link': 'http://jandan.net/2017/09/02/curried-chickpea.html',
 'title': '五种你不会吃的健康午餐'}
{'link': 'http://jandan.net/2017/09/02/useless-invention.html',
 'title': 'Reddit: 那些让人发财的无用发明'}
{'link': 'http://jandan.net/2017/09/03/best-compliment-received.html',
 'title': 'Quora：最棒的赞美'}
{'link': 'http://jandan.net/2017/09/03/brain-young.html',
 'title': '多跳广场舞，大妈更不容易痴呆'}
{'link': 'http://jandan.net/2017/09/03/ultraviolet-important.html',
 'title': '寻找外星生命：紫外线可能很关键'}
{'link': 'http://jandan.net/2017/09/03/elephant-rescued.html',
 'title': '趣闻两则：海军大兵激流之中救大象，内裤烟鬼法院门前讨烟枪'}
{'link': 'http://jandan.net/2017/09/03/bermuda-triangle-2.html',
 'title': '百慕大三角之迷的新解释'}
{'link': 'http://jandan.net/2017/09/03/bacteria-medicine.html',
 'title': '新思路：把肠道细菌做成特效药'}
{'link': 'http://jandan.net/2017/09/03/ladder-fight.html',
 'title': '没品小视频：梯子 Part 3'}
{'link': 'http://jandan.net/2017/09/03/butthole-facts.html',
 'title': '关于屁股的12件事'}
{'link': 'http://jandan.net/2017/09/03/source-brain.html',
 'title': '新发现：神经胶质细胞对大脑发育很重要'}
{'link': 'http://jandan.net/2017/09/03/violence-medieval.html',
 'title': '黑暗中世纪：随时可能被暴打的腐国人民'}
{'link': 'http://jandan.net/2017/09/03/fml-1102.html',
 'title': '发霉啦：今天，我在后颈上纹了个条形码'}
{'link': 'http://jandan.net/2017/09/03/teaching-grit.html',
 'title': '培养“毅力”或许有害于学生，亦有害于民主政治'}
{'link': 'http://jandan.net/2017/09/02/lost-key-2.html',
 'title': '半夜背后凉飕飕：我的室友[3]之丢钥匙-2'}
{'link': 'http://jandan.net/2017/09/02/avoiding-sex.html', 'title': '“性冷淡”的原因'}
{'link': 'http://jandan.net/2017/09/02/monsters-mirror.html',
 'title': '凝视镜子，你会看见怪物'}
{'link': 'http://jandan.net/2017/09/02/bigger-ears.html',
 'title': '耳朵大的人听力会更好吗？'}
{'link': 'http://jandan.net/2017/09/02/washington-buchanan.html',
 'title': '趣画古今-04：美国总统：第1-4位'}
{'link': 'http://jandan.net/2017/09/02/laborers-peru.html',
 'title': '秘鲁金字塔惊现华工遗体'}
{'link': 'http://jandan.net/2017/09/02/lower-your-risk.html',
 'title': '受教育程度越高，患心脏病的概率越低'}
{'link': 'http://jandan.net/2017/09/02/roll-your-eyes.html',
 'title': 'Quora：别人说过最想让你翻白眼的话'}
{'link': 'http://jandan.net/2017/09/02/beekeeper-sits-on.html',
 'title': '真的猛士，敢于光屁股坐上蜂箱'}
{'link': 'http://jandan.net/2017/09/02/brain-time.html', 'title': '大脑是如何解读时间的'}
{'link': 'http://jandan.net/2017/09/02/curried-chickpea.html',
 'title': '五种你不会吃的健康午餐'}
{'link': 'http://jandan.net/2017/09/02/useless-invention.html',
 'title': 'Reddit: 那些让人发财的无用发明'}
{'link': 'http://jandan.net/2017/09/03/best-compliment-received.html',
 'title': 'Quora：最棒的赞美'}
{'link': 'http://jandan.net/2017/09/03/brain-young.html',
 'title': '多跳广场舞，大妈更不容易痴呆'}
{'link': 'http://jandan.net/2017/09/03/ultraviolet-important.html',
 'title': '寻找外星生命：紫外线可能很关键'}
{'link': 'http://jandan.net/2017/09/03/elephant-rescued.html',
 'title': '趣闻两则：海军大兵激流之中救大象，内裤烟鬼法院门前讨烟枪'}
{'link': 'http://jandan.net/2017/09/03/bermuda-triangle-2.html',
 'title': '百慕大三角之迷的新解释'}
{'link': 'http://jandan.net/2017/09/03/bacteria-medicine.html',
 'title': '新思路：把肠道细菌做成特效药'}
{'link': 'http://jandan.net/2017/09/03/ladder-fight.html',
 'title': '没品小视频：梯子 Part 3'}
{'link': 'http://jandan.net/2017/09/03/butthole-facts.html',
 'title': '关于屁股的12件事'}
{'link': 'http://jandan.net/2017/09/03/source-brain.html',
 'title': '新发现：神经胶质细胞对大脑发育很重要'}
{'link': 'http://jandan.net/2017/09/03/violence-medieval.html',
 'title': '黑暗中世纪：随时可能被暴打的腐国人民'}
{'link': 'http://jandan.net/2017/09/03/fml-1102.html',
 'title': '发霉啦：今天，我在后颈上纹了个条形码'}
{'link': 'http://jandan.net/2017/09/03/teaching-grit.html',
 'title': '培养“毅力”或许有害于学生，亦有害于民主政治'}
{'link': 'http://jandan.net/2017/09/02/lost-key-2.html',
 'title': '半夜背后凉飕飕：我的室友[3]之丢钥匙-2'}
{'link': 'http://jandan.net/2017/09/02/avoiding-sex.html', 'title': '“性冷淡”的原因'}
{'link': 'http://jandan.net/2017/09/02/monsters-mirror.html',
 'title': '凝视镜子，你会看见怪物'}
{'link': 'http://jandan.net/2017/09/02/bigger-ears.html',
 'title': '耳朵大的人听力会更好吗？'}
{'link': 'http://jandan.net/2017/09/02/washington-buchanan.html',
 'title': '趣画古今-04：美国总统：第1-4位'}
{'link': 'http://jandan.net/2017/09/02/laborers-peru.html',
 'title': '秘鲁金字塔惊现华工遗体'}
{'link': 'http://jandan.net/2017/09/02/lower-your-risk.html',
 'title': '受教育程度越高，患心脏病的概率越低'}
{'link': 'http://jandan.net/2017/09/02/roll-your-eyes.html',
 'title': 'Quora：别人说过最想让你翻白眼的话'}
{'link': 'http://jandan.net/2017/09/02/beekeeper-sits-on.html',
 'title': '真的猛士，敢于光屁股坐上蜂箱'}
{'link': 'http://jandan.net/2017/09/02/brain-time.html', 'title': '大脑是如何解读时间的'}
{'link': 'http://jandan.net/2017/09/02/curried-chickpea.html',
 'title': '五种你不会吃的健康午餐'}
{'link': 'http://jandan.net/2017/09/02/useless-invention.html',
 'title': 'Reddit: 那些让人发财的无用发明'}
{'link': 'http://jandan.net/2017/09/03/best-compliment-received.html',
 'title': 'Quora：最棒的赞美'}
{'link': 'http://jandan.net/2017/09/03/brain-young.html',
 'title': '多跳广场舞，大妈更不容易痴呆'}
{'link': 'http://jandan.net/2017/09/03/ultraviolet-important.html',
 'title': '寻找外星生命：紫外线可能很关键'}
{'link': 'http://jandan.net/2017/09/03/elephant-rescued.html',
 'title': '趣闻两则：海军大兵激流之中救大象，内裤烟鬼法院门前讨烟枪'}
{'link': 'http://jandan.net/2017/09/03/bermuda-triangle-2.html',
 'title': '百慕大三角之迷的新解释'}
{'link': 'http://jandan.net/2017/09/03/bacteria-medicine.html',
 'title': '新思路：把肠道细菌做成特效药'}
{'link': 'http://jandan.net/2017/09/03/ladder-fight.html',
 'title': '没品小视频：梯子 Part 3'}
{'link': 'http://jandan.net/2017/09/03/butthole-facts.html',
 'title': '关于屁股的12件事'}
{'link': 'http://jandan.net/2017/09/03/source-brain.html',
 'title': '新发现：神经胶质细胞对大脑发育很重要'}
{'link': 'http://jandan.net/2017/09/03/violence-medieval.html',
 'title': '黑暗中世纪：随时可能被暴打的腐国人民'}
{'link': 'http://jandan.net/2017/09/03/fml-1102.html',
 'title': '发霉啦：今天，我在后颈上纹了个条形码'}
{'link': 'http://jandan.net/2017/09/03/teaching-grit.html',
 'title': '培养“毅力”或许有害于学生，亦有害于民主政治'}
{'link': 'http://jandan.net/2017/09/02/lost-key-2.html',
 'title': '半夜背后凉飕飕：我的室友[3]之丢钥匙-2'}
{'link': 'http://jandan.net/2017/09/02/avoiding-sex.html', 'title': '“性冷淡”的原因'}
{'link': 'http://jandan.net/2017/09/02/monsters-mirror.html',
 'title': '凝视镜子，你会看见怪物'}
{'link': 'http://jandan.net/2017/09/02/bigger-ears.html',
 'title': '耳朵大的人听力会更好吗？'}
{'link': 'http://jandan.net/2017/09/02/washington-buchanan.html',
 'title': '趣画古今-04：美国总统：第1-4位'}
{'link': 'http://jandan.net/2017/09/02/laborers-peru.html',
 'title': '秘鲁金字塔惊现华工遗体'}
{'link': 'http://jandan.net/2017/09/02/lower-your-risk.html',
 'title': '受教育程度越高，患心脏病的概率越低'}
{'link': 'http://jandan.net/2017/09/02/roll-your-eyes.html',
 'title': 'Quora：别人说过最想让你翻白眼的话'}
{'link': 'http://jandan.net/2017/09/02/beekeeper-sits-on.html',
 'title': '真的猛士，敢于光屁股坐上蜂箱'}
{'link': 'http://jandan.net/2017/09/02/brain-time.html', 'title': '大脑是如何解读时间的'}
{'link': 'http://jandan.net/2017/09/02/curried-chickpea.html',
 'title': '五种你不会吃的健康午餐'}
{'link': 'http://jandan.net/2017/09/02/useless-invention.html',
 'title': 'Reddit: 那些让人发财的无用发明'}
{'link': 'http://jandan.net/2017/09/03/best-compliment-received.html',
 'title': 'Quora：最棒的赞美'}
{'link': 'http://jandan.net/2017/09/03/brain-young.html',
 'title': '多跳广场舞，大妈更不容易痴呆'}
{'link': 'http://jandan.net/2017/09/03/ultraviolet-important.html',
 'title': '寻找外星生命：紫外线可能很关键'}
{'link': 'http://jandan.net/2017/09/03/elephant-rescued.html',
 'title': '趣闻两则：海军大兵激流之中救大象，内裤烟鬼法院门前讨烟枪'}
{'link': 'http://jandan.net/2017/09/03/bermuda-triangle-2.html',
 'title': '百慕大三角之迷的新解释'}
{'link': 'http://jandan.net/2017/09/03/bacteria-medicine.html',
 'title': '新思路：把肠道细菌做成特效药'}
{'link': 'http://jandan.net/2017/09/03/ladder-fight.html',
 'title': '没品小视频：梯子 Part 3'}
{'link': 'http://jandan.net/2017/09/03/butthole-facts.html',
 'title': '关于屁股的12件事'}
{'link': 'http://jandan.net/2017/09/03/source-brain.html',
 'title': '新发现：神经胶质细胞对大脑发育很重要'}
{'link': 'http://jandan.net/2017/09/03/violence-medieval.html',
 'title': '黑暗中世纪：随时可能被暴打的腐国人民'}
{'link': 'http://jandan.net/2017/09/03/fml-1102.html',
 'title': '发霉啦：今天，我在后颈上纹了个条形码'}
{'link': 'http://jandan.net/2017/09/03/teaching-grit.html',
 'title': '培养“毅力”或许有害于学生，亦有害于民主政治'}
{'link': 'http://jandan.net/2017/09/02/lost-key-2.html',
 'title': '半夜背后凉飕飕：我的室友[3]之丢钥匙-2'}
{'link': 'http://jandan.net/2017/09/02/avoiding-sex.html', 'title': '“性冷淡”的原因'}
{'link': 'http://jandan.net/2017/09/02/monsters-mirror.html',
 'title': '凝视镜子，你会看见怪物'}
{'link': 'http://jandan.net/2017/09/02/bigger-ears.html',
 'title': '耳朵大的人听力会更好吗？'}
{'link': 'http://jandan.net/2017/09/02/washington-buchanan.html',
 'title': '趣画古今-04：美国总统：第1-4位'}
{'link': 'http://jandan.net/2017/09/02/laborers-peru.html',
 'title': '秘鲁金字塔惊现华工遗体'}
{'link': 'http://jandan.net/2017/09/02/lower-your-risk.html',
 'title': '受教育程度越高，患心脏病的概率越低'}
{'link': 'http://jandan.net/2017/09/02/roll-your-eyes.html',
 'title': 'Quora：别人说过最想让你翻白眼的话'}
{'link': 'http://jandan.net/2017/09/02/beekeeper-sits-on.html',
 'title': '真的猛士，敢于光屁股坐上蜂箱'}
{'link': 'http://jandan.net/2017/09/02/brain-time.html', 'title': '大脑是如何解读时间的'}
{'link': 'http://jandan.net/2017/09/02/curried-chickpea.html',
 'title': '五种你不会吃的健康午餐'}
{'link': 'http://jandan.net/2017/09/02/useless-invention.html',
 'title': 'Reddit: 那些让人发财的无用发明'}
{'link': 'http://jandan.net/2017/09/03/best-compliment-received.html',
 'title': 'Quora：最棒的赞美'}
{'link': 'http://jandan.net/2017/09/03/brain-young.html',
 'title': '多跳广场舞，大妈更不容易痴呆'}
{'link': 'http://jandan.net/2017/09/03/ultraviolet-important.html',
 'title': '寻找外星生命：紫外线可能很关键'}
{'link': 'http://jandan.net/2017/09/03/elephant-rescued.html',
 'title': '趣闻两则：海军大兵激流之中救大象，内裤烟鬼法院门前讨烟枪'}
{'link': 'http://jandan.net/2017/09/03/bermuda-triangle-2.html',
 'title': '百慕大三角之迷的新解释'}
{'link': 'http://jandan.net/2017/09/03/bacteria-medicine.html',
 'title': '新思路：把肠道细菌做成特效药'}
{'link': 'http://jandan.net/2017/09/03/ladder-fight.html',
 'title': '没品小视频：梯子 Part 3'}
{'link': 'http://jandan.net/2017/09/03/butthole-facts.html',
 'title': '关于屁股的12件事'}
{'link': 'http://jandan.net/2017/09/03/source-brain.html',
 'title': '新发现：神经胶质细胞对大脑发育很重要'}
{'link': 'http://jandan.net/2017/09/03/violence-medieval.html',
 'title': '黑暗中世纪：随时可能被暴打的腐国人民'}
{'link': 'http://jandan.net/2017/09/03/fml-1102.html',
 'title': '发霉啦：今天，我在后颈上纹了个条形码'}
{'link': 'http://jandan.net/2017/09/03/teaching-grit.html',
 'title': '培养“毅力”或许有害于学生，亦有害于民主政治'}
{'link': 'http://jandan.net/2017/09/02/lost-key-2.html',
 'title': '半夜背后凉飕飕：我的室友[3]之丢钥匙-2'}
{'link': 'http://jandan.net/2017/09/02/avoiding-sex.html', 'title': '“性冷淡”的原因'}
{'link': 'http://jandan.net/2017/09/02/monsters-mirror.html',
 'title': '凝视镜子，你会看见怪物'}
{'link': 'http://jandan.net/2017/09/02/bigger-ears.html',
 'title': '耳朵大的人听力会更好吗？'}
{'link': 'http://jandan.net/2017/09/02/washington-buchanan.html',
 'title': '趣画古今-04：美国总统：第1-4位'}
{'link': 'http://jandan.net/2017/09/02/laborers-peru.html',
 'title': '秘鲁金字塔惊现华工遗体'}
{'link': 'http://jandan.net/2017/09/02/lower-your-risk.html',
 'title': '受教育程度越高，患心脏病的概率越低'}
{'link': 'http://jandan.net/2017/09/02/roll-your-eyes.html',
 'title': 'Quora：别人说过最想让你翻白眼的话'}
{'link': 'http://jandan.net/2017/09/02/beekeeper-sits-on.html',
 'title': '真的猛士，敢于光屁股坐上蜂箱'}
{'link': 'http://jandan.net/2017/09/02/brain-time.html', 'title': '大脑是如何解读时间的'}
{'link': 'http://jandan.net/2017/09/02/curried-chickpea.html',
 'title': '五种你不会吃的健康午餐'}
{'link': 'http://jandan.net/2017/09/02/useless-invention.html',
 'title': 'Reddit: 那些让人发财的无用发明'}
{'link': 'http://jandan.net/2017/09/04/toothless-dwarf.html',
 'title': '没有牙齿的矮海豚可从海底吸走鱿鱼'}
{'link': 'http://jandan.net/2017/09/04/yawning-cortex.html',
 'title': '哈欠为什么忍不住'}
{'link': 'http://jandan.net/2017/09/04/gene-therapy-3.html',
 'title': 'FDA放宽基因疗法的患者年龄限制'}
{'link': 'http://jandan.net/2017/09/04/showerthoughts-11.html',
 'title': '浴室沉思：牛顿的棺材'}
{'link': 'http://jandan.net/2017/09/04/instagram-hack.html',
 'title': 'Instagram数百万用户信息被黑客泄露'}
{'link': 'http://jandan.net/2017/09/04/fml-1104.html',
 'title': '发霉啦：今天，我们消防队紧急集合'}
{'link': 'http://jandan.net/2017/09/04/lost-key-3.html',
 'title': '半夜背后凉飕飕：我的室友[4]之丢钥匙-更新'}
{'link': 'http://jandan.net/2017/09/03/maskedman-6.html',
 'title': '凉飕飕扩展篇：扭扭人生态研究报告'}
{'link': 'http://jandan.net/2017/09/03/what-gets-fed.html',
 'title': '如何喂饱98亿人口'}
{'link': 'http://jandan.net/2017/09/03/became-popular.html',
 'title': 'reddit精选：有哪些事物一朝闻名之后却又声名不再？'}
{'link': 'http://jandan.net/2017/09/03/sick-4chan-76.html',
 'title': '没品+4chan笑话集：你可闻过〇液的气味？'}
{'link': 'http://jandan.net/2017/09/03/wonder-drug-heart.html',
 'title': '新型抗炎药揭开心脏病之谜'}
{'link': 'http://jandan.net/2017/09/03/ai-artists.html',
 'title': '人工智能也可能取代艺术家'}
{'link': 'http://jandan.net/2017/09/03/lobster-war.html',
 'title': '无厘头历史：巴西与法国的「龙虾大战」'}
{'link': 'http://jandan.net/2017/09/03/pagan-culture.html',
 'title': '以色列曾经的异教崇拜'}
{'link': 'http://jandan.net/2017/09/03/best-compliment-received.html',
 'title': 'Quora：最棒的赞美'}
{'link': 'http://jandan.net/2017/09/03/brain-young.html',
 'title': '多跳广场舞，大妈更不容易痴呆'}
{'link': 'http://jandan.net/2017/09/03/ultraviolet-important.html',
 'title': '寻找外星生命：紫外线可能很关键'}
{'link': 'http://jandan.net/2017/09/03/elephant-rescued.html',
 'title': '趣闻两则：海军大兵激流之中救大象，内裤烟鬼法院门前讨烟枪'}
{'link': 'http://jandan.net/2017/09/03/bermuda-triangle-2.html',
 'title': '百慕大三角之迷的新解释'}
{'link': 'http://jandan.net/2017/09/03/bacteria-medicine.html',
 'title': '新思路：把肠道细菌做成特效药'}
{'link': 'http://jandan.net/2017/09/03/ladder-fight.html',
 'title': '没品小视频：梯子 Part 3'}
{'link': 'http://jandan.net/2017/09/03/butthole-facts.html',
 'title': '关于屁股的12件事'}
{'link': 'http://jandan.net/2017/09/03/source-brain.html',
 'title': '新发现：神经胶质细胞对大脑发育很重要'}
